<?xml version="1.0" encoding="UTF-8"?>
<testng-results skipped="0" failed="0" ignored="0" total="1" passed="1">
  <reporter-output>
  </reporter-output>
  <suite name="Default suite" duration-ms="3167" started-at="2023-04-23T14:53:47 IST" finished-at="2023-04-23T14:53:50 IST">
    <groups>
    </groups>
    <test name="Default test" duration-ms="3167" started-at="2023-04-23T14:53:47 IST" finished-at="2023-04-23T14:53:50 IST">
      <class name="tests.DeleteApisTests">
        <test-method status="PASS" signature="test1()[pri:0, instance:tests.DeleteApisTests@7c29daf3]" name="test1" duration-ms="3127" started-at="2023-04-23T14:53:47 IST" finished-at="2023-04-23T14:53:50 IST">
          <reporter-output>
          </reporter-output>
        </test-method> <!-- test1 -->
      </class> <!-- tests.DeleteApisTests -->
    </test> <!-- Default test -->
  </suite> <!-- Default suite -->
</testng-results>
