<?xml version="1.0" encoding="UTF-8"?>
<testng-results skipped="0" failed="0" ignored="0" total="1" passed="1">
  <reporter-output>
  </reporter-output>
  <suite name="Default suite" duration-ms="5722" started-at="2020-05-05T21:55:34 IST" finished-at="2020-05-05T21:55:39 IST">
    <groups>
    </groups>
    <test name="Default test" duration-ms="5722" started-at="2020-05-05T21:55:34 IST" finished-at="2020-05-05T21:55:39 IST">
      <class name="tests.demo">
        <test-method status="PASS" signature="testww()[pri:0, instance:tests.demo@9660f4e]" name="testww" duration-ms="5609" started-at="2020-05-05T21:55:34 IST" finished-at="2020-05-05T21:55:39 IST">
          <reporter-output>
          </reporter-output>
        </test-method> <!-- testww -->
      </class> <!-- tests.demo -->
    </test> <!-- Default test -->
  </suite> <!-- Default suite -->
</testng-results>
